<?xml version="1.0" encoding="UTF-8"?>
<!-- Generated by org.testng.reporters.JUnitReportReporter -->
<testsuite skipped="0" hostname="DESKTOP-KKSD45N" name="acadamy.LandingpageTest" tests="1" failures="0" timestamp="05 Mar 2019 18:15:01 GMT" time="11.993" errors="0">
  <testcase name="login" time="11.993" classname="acadamy.LandingpageTest"/>
</testsuite> <!-- acadamy.LandingpageTest -->
